<?xml version="1.0" encoding="UTF-8"?>
<!-- Generated by org.testng.reporters.JUnitReportReporter -->
<testsuite hostname="LAPTOP-6FK3USST" failures="0" tests="1" name="com.opencart.tests.TC009_EndToEndTest" time="82.275" errors="0" timestamp="2022-10-08T16:00:04 IST" skipped="0">
  <testcase classname="com.opencart.tests.TC009_EndToEndTest" name="endToEndFlowTest" time="82.275"/>
  <system-out/>
</testsuite> <!-- com.opencart.tests.TC009_EndToEndTest -->
