<?xml version="1.0" encoding="UTF-8"?>
<!-- Generated by org.testng.reporters.JUnitReportReporter -->
<testsuite hostname="LAPTOP-6FK3USST" failures="0" tests="3" name="com.opencart.tests.TC_LoginPage_002" time="160.811" errors="0" timestamp="2022-10-05T22:09:58 IST" skipped="0">
  <testcase classname="com.opencart.tests.TC_LoginPage_002" name="login" time="51.231"/>
  <system-out/>
  <testcase classname="com.opencart.tests.TC_LoginPage_002" name="login" time="57.639"/>
  <system-out/>
  <testcase classname="com.opencart.tests.TC_LoginPage_002" name="login" time="51.941"/>
  <system-out/>
</testsuite> <!-- com.opencart.tests.TC_LoginPage_002 -->
