<?xml version="1.0" encoding="UTF-8"?>
<!-- Generated by org.testng.reporters.JUnitReportReporter -->
<testsuite hostname="LAPTOP-6FK3USST" failures="0" tests="1" name="com.opencart.tests.TC009_EndToEndTest" time="13.900" errors="0" timestamp="2022-11-11T00:00:35 IST" skipped="0">
  <testcase classname="com.opencart.tests.TC009_EndToEndTest" name="endToEndFlowTest" time="13.900"/>
  <system-out/>
</testsuite> <!-- com.opencart.tests.TC009_EndToEndTest -->
