<?xml version="1.0" encoding="UTF-8"?>
<!-- Generated by org.testng.reporters.JUnitReportReporter -->
<testsuite hostname="LAPTOP-6FK3USST" failures="0" tests="1" name="com.opencart.tests.TC006_ShoppingCartTest" time="8.547" errors="0" timestamp="2022-11-11T00:00:35 IST" skipped="0">
  <testcase classname="com.opencart.tests.TC006_ShoppingCartTest" name="validateProductInfoIsDisplyed" time="8.547"/>
  <system-out/>
</testsuite> <!-- com.opencart.tests.TC006_ShoppingCartTest -->
