<?xml version="1.0" encoding="UTF-8"?>
<!-- Generated by org.testng.reporters.JUnitReportReporter -->
<testsuite hostname="LAPTOP-6FK3USST" failures="0" tests="3" name="com.opencart.tests.TC002_LoginPageTest" time="14.610" errors="0" timestamp="2022-11-11T00:00:35 IST" skipped="0">
  <testcase classname="com.opencart.tests.TC002_LoginPageTest" name="login" time="5.174"/>
  <system-out/>
  <testcase classname="com.opencart.tests.TC002_LoginPageTest" name="login" time="5.134"/>
  <system-out/>
  <testcase classname="com.opencart.tests.TC002_LoginPageTest" name="login" time="4.302"/>
  <system-out/>
</testsuite> <!-- com.opencart.tests.TC002_LoginPageTest -->
