<?xml version="1.0" encoding="UTF-8"?>
<!-- Generated by org.testng.reporters.JUnitReportReporter -->
<testsuite hostname="LAPTOP-6FK3USST" failures="0" tests="1" name="com.opencart.tests.TC005_ProductPageTest" time="24.772" errors="0" timestamp="2022-10-06T19:01:17 IST" skipped="0">
  <testcase classname="com.opencart.tests.TC005_ProductPageTest" name="validateWritingReview" time="24.772"/>
  <system-out/>
</testsuite> <!-- com.opencart.tests.TC005_ProductPageTest -->
