<?xml version="1.0" encoding="UTF-8"?>
<!-- Generated by org.testng.reporters.JUnitReportReporter -->
<testsuite hostname="LAPTOP-6FK3USST" failures="0" tests="3" name="com.opencart.tests.TC002_LoginPageTest" time="123.465" errors="0" timestamp="2022-10-08T14:19:53 IST" skipped="0">
  <testcase classname="com.opencart.tests.TC002_LoginPageTest" name="login" time="43.347"/>
  <system-out/>
  <testcase classname="com.opencart.tests.TC002_LoginPageTest" name="login" time="42.719"/>
  <system-out/>
  <testcase classname="com.opencart.tests.TC002_LoginPageTest" name="login" time="37.399"/>
  <system-out/>
</testsuite> <!-- com.opencart.tests.TC002_LoginPageTest -->
