<?xml version="1.0" encoding="UTF-8"?>
<!-- Generated by org.testng.reporters.JUnitReportReporter -->
<testsuite hostname="LAPTOP-6FK3USST" failures="0" tests="4" name="com.opencart.tests.TC001_HomePageTest" time="16.476" errors="0" timestamp="2022-11-11T00:00:35 IST" skipped="0">
  <testcase classname="com.opencart.tests.TC001_HomePageTest" name="varifyLogo" time="2.941"/>
  <system-out/>
  <testcase classname="com.opencart.tests.TC001_HomePageTest" name="varifyTitle" time="5.570"/>
  <system-out/>
  <testcase classname="com.opencart.tests.TC001_HomePageTest" name="validateLoginOptionInMyAccountDropMenu" time="3.818"/>
  <system-out/>
  <testcase classname="com.opencart.tests.TC001_HomePageTest" name="validateRegisterOptionInMyAccountDropMenu" time="4.147"/>
  <system-out/>
</testsuite> <!-- com.opencart.tests.TC001_HomePageTest -->
