<?xml version="1.0" encoding="UTF-8"?>
<!-- Generated by org.testng.reporters.JUnitReportReporter -->
<testsuite hostname="LAPTOP-6FK3USST" failures="0" tests="1" name="com.opencart.tests.TC006_ShoppingCartTest" time="12.106" errors="0" timestamp="2022-10-06T23:36:14 IST" skipped="0">
  <testcase classname="com.opencart.tests.TC006_ShoppingCartTest" name="validateProductInfoIsDisplyed" time="12.106"/>
  <system-out/>
</testsuite> <!-- com.opencart.tests.TC006_ShoppingCartTest -->
