<?xml version="1.0" encoding="UTF-8"?>
<!-- Generated by org.testng.reporters.JUnitReportReporter -->
<testsuite hostname="LAPTOP-6FK3USST" failures="0" tests="4" name="com.opencart.tests.TC001_HomePageTest" time="21.360" errors="0" timestamp="2022-10-05T21:14:01 IST" skipped="0">
  <testcase classname="com.opencart.tests.TC001_HomePageTest" name="varifyLogo" time="5.239"/>
  <system-out/>
  <testcase classname="com.opencart.tests.TC001_HomePageTest" name="varifyTitle" time="4.978"/>
  <system-out/>
  <testcase classname="com.opencart.tests.TC001_HomePageTest" name="validateLoginOptionInMyAccountDropMenu" time="5.387"/>
  <system-out/>
  <testcase classname="com.opencart.tests.TC001_HomePageTest" name="validateRegisterOptionInMyAccountDropMenu" time="5.756"/>
  <system-out/>
</testsuite> <!-- com.opencart.tests.TC001_HomePageTest -->
