<?xml version="1.0" encoding="UTF-8"?>
<!-- Generated by org.testng.reporters.JUnitReportReporter -->
<testsuite hostname="LAPTOP-6FK3USST" failures="0" tests="1" name="com.opencart.tests.TC007_CheckoutPageTest" time="68.714" errors="0" timestamp="2022-10-08T14:57:27 IST" skipped="0">
  <testcase classname="com.opencart.tests.TC007_CheckoutPageTest" name="enterBillingDetails" time="68.714"/>
  <system-out/>
</testsuite> <!-- com.opencart.tests.TC007_CheckoutPageTest -->
