<?xml version="1.0" encoding="UTF-8"?>
<!-- Generated by org.testng.reporters.JUnitReportReporter -->
<testsuite hostname="LAPTOP-6FK3USST" failures="0" tests="2" name="com.opencart.tests.TC003_MyAccountPageTest" time="13.140" errors="0" timestamp="2022-11-11T08:16:41 IST" skipped="0">
  <testcase classname="com.opencart.tests.TC003_MyAccountPageTest" name="searchForExistingProduct" time="5.940"/>
  <system-out/>
  <testcase classname="com.opencart.tests.TC003_MyAccountPageTest" name="searchWithEnterBtn" time="7.200"/>
  <system-out/>
</testsuite> <!-- com.opencart.tests.TC003_MyAccountPageTest -->
