<?xml version="1.0" encoding="UTF-8"?>
<!-- Generated by org.testng.reporters.JUnitReportReporter -->
<testsuite hostname="LAPTOP-6FK3USST" failures="0" tests="5" name="com.opencart.tests.TC005_ProductPageTest" time="40.058" errors="0" timestamp="2022-11-11T00:00:35 IST" skipped="0">
  <testcase classname="com.opencart.tests.TC005_ProductPageTest" name="validateWritingReview" time="10.260"/>
  <system-out/>
  <testcase classname="com.opencart.tests.TC005_ProductPageTest" name="addToCart" time="7.375"/>
  <system-out/>
  <testcase classname="com.opencart.tests.TC005_ProductPageTest" name="addToWishlist" time="7.042"/>
  <system-out/>
  <testcase classname="com.opencart.tests.TC005_ProductPageTest" name="validatePriceAndOtherInfo" time="7.862"/>
  <system-out/>
  <testcase classname="com.opencart.tests.TC005_ProductPageTest" name="validateQuantity" time="7.519"/>
  <system-out/>
</testsuite> <!-- com.opencart.tests.TC005_ProductPageTest -->
