<?xml version="1.0" encoding="UTF-8"?>
<!-- Generated by org.testng.reporters.JUnitReportReporter -->
<testsuite hostname="LAPTOP-6FK3USST" failures="0" tests="4" name="com.opencart.tests.TC003_MyAccountPageTest" time="181.258" errors="0" timestamp="2022-10-06T09:23:17 IST" skipped="0">
  <testcase classname="com.opencart.tests.TC003_MyAccountPageTest" name="searchForExistingProduct" time="55.177"/>
  <system-out/>
  <testcase classname="com.opencart.tests.TC003_MyAccountPageTest" name="searchForNonExistingProduct" time="46.560"/>
  <system-out/>
  <testcase classname="com.opencart.tests.TC003_MyAccountPageTest" name="searchWithEnterBtn" time="42.993"/>
  <system-out/>
  <testcase classname="com.opencart.tests.TC003_MyAccountPageTest" name="validateTitle" time="36.528"/>
  <system-out/>
</testsuite> <!-- com.opencart.tests.TC003_MyAccountPageTest -->
