<?xml version="1.0" encoding="UTF-8"?>
<!-- Generated by org.testng.reporters.JUnitReportReporter -->
<testsuite hostname="LAPTOP-6FK3USST" failures="0" tests="1" name="com.opencart.tests.TC008_LogOutTest" time="6.448" errors="0" timestamp="2022-10-08T11:30:08 IST" skipped="0">
  <testcase classname="com.opencart.tests.TC008_LogOutTest" name="ValidateLogoutOptionUnderMyAccountMenuBeforeLoggingIn" time="6.448"/>
  <system-out/>
</testsuite> <!-- com.opencart.tests.TC008_LogOutTest -->
