<?xml version="1.0" encoding="UTF-8"?>
<!-- Generated by org.testng.reporters.JUnitReportReporter -->
<testsuite hostname="LAPTOP-6FK3USST" failures="0" tests="1" name="com.opencart.tests.TC007_CheckoutPageTest" time="12.674" errors="0" timestamp="2022-11-11T08:20:51 IST" skipped="0">
  <testcase classname="com.opencart.tests.TC007_CheckoutPageTest" name="enterBillingDetails" time="12.674"/>
  <system-out/>
</testsuite> <!-- com.opencart.tests.TC007_CheckoutPageTest -->
